# JRE version: OpenJDK Runtime Environment Temurin-17.0.5+8 (17.0.5+8) (build 17.0.5+8)
# Java VM: OpenJDK 64-Bit Server VM Temurin-17.0.5+8 (17.0.5+8, mixed mode, sharing, tiered, compressed oops, compressed class ptrs, g1 gc, windows-amd64)
GC Precious Log:
 CPUs: 12 total, 12 available
 Memory: 15431M
 Large Page Support: Disabled
 NUMA Support: Disabled
 Compressed Oops: Enabled (32-bit)
 Heap Region Size: 1M
 Heap Min Capacity: 8M
 Heap Initial Capacity: 242M
 Heap Max Capacity: 2G
 Pre-touch: Disabled
 Parallel Workers: 10
 Concurrent Workers: 3
 Concurrent Refinement Workers: 10
 Periodic GC: Disabled
Heap:
 garbage-first heap   total 347136K, used 210496K [0x0000000080000000, 0x0000000100000000)
  region size 1024K, 20 young (20480K), 5 survivors (5120K)
 Metaspace       used 106541K, committed 107840K, reserved 520192K
  class space    used 14766K, committed 15360K, reserved 421888K
GC Heap History (20 events):
Event: 64.912 GC heap before
{Heap before GC invocations=49 (full 0):
 garbage-first heap   total 295936K, used 233253K [0x0000000080000000, 0x0000000100000000)
  region size 1024K, 60 young (61440K), 2 survivors (2048K)
 Metaspace       used 104565K, committed 105728K, reserved 520192K
  class space    used 14507K, committed 15040K, reserved 421888K
}
Event: 64.918 GC heap after
{Heap after GC invocations=50 (full 0):
 garbage-first heap   total 295936K, used 180260K [0x0000000080000000, 0x0000000100000000)
  region size 1024K, 8 young (8192K), 8 survivors (8192K)
 Metaspace       used 104565K, committed 105728K, reserved 520192K
  class space    used 14507K, committed 15040K, reserved 421888K
}
Event: 70.500 GC heap before
{Heap before GC invocations=50 (full 0):
 garbage-first heap   total 295936K, used 237604K [0x0000000080000000, 0x0000000100000000)
  region size 1024K, 64 young (65536K), 8 survivors (8192K)
 Metaspace       used 105463K, committed 106688K, reserved 520192K
  class space    used 14661K, committed 15232K, reserved 421888K
}
Event: 70.507 GC heap after
{Heap after GC invocations=51 (full 0):
 garbage-first heap   total 295936K, used 186589K [0x0000000080000000, 0x0000000100000000)
  region size 1024K, 7 young (7168K), 7 survivors (7168K)
 Metaspace       used 105463K, committed 106688K, reserved 520192K
  class space    used 14661K, committed 15232K, reserved 421888K
}
Event: 76.088 GC heap before
{Heap before GC invocations=51 (full 0):
 garbage-first heap   total 295936K, used 239837K [0x0000000080000000, 0x0000000100000000)
  region size 1024K, 60 young (61440K), 7 survivors (7168K)
 Metaspace       used 105714K, committed 106944K, reserved 520192K
  class space    used 14663K, committed 15232K, reserved 421888K
}
Event: 76.094 GC heap after
{Heap after GC invocations=52 (full 0):
 garbage-first heap   total 295936K, used 187619K [0x0000000080000000, 0x0000000100000000)
  region size 1024K, 4 young (4096K), 4 survivors (4096K)
 Metaspace       used 105714K, committed 106944K, reserved 520192K
  class space    used 14663K, committed 15232K, reserved 421888K
}
Event: 77.125 GC heap before
{Heap before GC invocations=53 (full 0):
 garbage-first heap   total 329728K, used 239843K [0x0000000080000000, 0x0000000100000000)
  region size 1024K, 56 young (57344K), 4 survivors (4096K)
 Metaspace       used 106029K, committed 107264K, reserved 520192K
  class space    used 14713K, committed 15296K, reserved 421888K
}
Event: 77.134 GC heap after
{Heap after GC invocations=54 (full 0):
 garbage-first heap   total 329728K, used 193134K [0x0000000080000000, 0x0000000100000000)
  region size 1024K, 7 young (7168K), 7 survivors (7168K)
 Metaspace       used 106029K, committed 107264K, reserved 520192K
  class space    used 14713K, committed 15296K, reserved 421888K
}
Event: 77.195 GC heap before
{Heap before GC invocations=54 (full 0):
 garbage-first heap   total 329728K, used 201326K [0x0000000080000000, 0x0000000100000000)
  region size 1024K, 16 young (16384K), 7 survivors (7168K)
 Metaspace       used 106032K, committed 107264K, reserved 520192K
  class space    used 14713K, committed 15296K, reserved 421888K
}
Event: 77.202 GC heap after
{Heap after GC invocations=55 (full 0):
 garbage-first heap   total 329728K, used 192702K [0x0000000080000000, 0x0000000100000000)
  region size 1024K, 2 young (2048K), 2 survivors (2048K)
 Metaspace       used 106032K, committed 107264K, reserved 520192K
  class space    used 14713K, committed 15296K, reserved 421888K
}
Event: 77.959 GC heap before
{Heap before GC invocations=55 (full 0):
 garbage-first heap   total 329728K, used 267454K [0x0000000080000000, 0x0000000100000000)
  region size 1024K, 75 young (76800K), 2 survivors (2048K)
 Metaspace       used 106112K, committed 107328K, reserved 520192K
  class space    used 14713K, committed 15296K, reserved 421888K
}
Event: 77.967 GC heap after
{Heap after GC invocations=56 (full 0):
 garbage-first heap   total 329728K, used 196172K [0x0000000080000000, 0x0000000100000000)
  region size 1024K, 6 young (6144K), 6 survivors (6144K)
 Metaspace       used 106112K, committed 107328K, reserved 520192K
  class space    used 14713K, committed 15296K, reserved 421888K
}
Event: 78.288 GC heap before
{Heap before GC invocations=56 (full 0):
 garbage-first heap   total 329728K, used 217676K [0x0000000080000000, 0x0000000100000000)
  region size 1024K, 28 young (28672K), 6 survivors (6144K)
 Metaspace       used 106112K, committed 107328K, reserved 520192K
  class space    used 14713K, committed 15296K, reserved 421888K
}
Event: 78.292 GC heap after
{Heap after GC invocations=57 (full 0):
 garbage-first heap   total 329728K, used 197130K [0x0000000080000000, 0x0000000100000000)
  region size 1024K, 6 young (6144K), 6 survivors (6144K)
 Metaspace       used 106112K, committed 107328K, reserved 520192K
  class space    used 14713K, committed 15296K, reserved 421888K
}
Event: 81.547 GC heap before
{Heap before GC invocations=58 (full 0):
 garbage-first heap   total 347136K, used 287242K [0x0000000080000000, 0x0000000100000000)
  region size 1024K, 79 young (80896K), 6 survivors (6144K)
 Metaspace       used 106252K, committed 107520K, reserved 520192K
  class space    used 14727K, committed 15296K, reserved 421888K
}
Event: 81.552 GC heap after
{Heap after GC invocations=59 (full 0):
 garbage-first heap   total 347136K, used 195530K [0x0000000080000000, 0x0000000100000000)
  region size 1024K, 4 young (4096K), 4 survivors (4096K)
 Metaspace       used 106252K, committed 107520K, reserved 520192K
  class space    used 14727K, committed 15296K, reserved 421888K
}
Event: 83.493 GC heap before
{Heap before GC invocations=59 (full 0):
 garbage-first heap   total 347136K, used 206794K [0x0000000080000000, 0x0000000100000000)
  region size 1024K, 16 young (16384K), 4 survivors (4096K)
 Metaspace       used 106259K, committed 107520K, reserved 520192K
  class space    used 14727K, committed 15296K, reserved 421888K
}
Event: 83.498 GC heap after
{Heap after GC invocations=60 (full 0):
 garbage-first heap   total 347136K, used 193290K [0x0000000080000000, 0x0000000100000000)
  region size 1024K, 2 young (2048K), 2 survivors (2048K)
 Metaspace       used 106259K, committed 107520K, reserved 520192K
  class space    used 14727K, committed 15296K, reserved 421888K
}
Event: 87.707 GC heap before
{Heap before GC invocations=60 (full 0):
 garbage-first heap   total 347136K, used 294666K [0x0000000080000000, 0x0000000100000000)
  region size 1024K, 94 young (96256K), 2 survivors (2048K)
 Metaspace       used 106474K, committed 107776K, reserved 520192K
  class space    used 14756K, committed 15360K, reserved 421888K
}
Event: 87.712 GC heap after
{Heap after GC invocations=61 (full 0):
 garbage-first heap   total 347136K, used 196160K [0x0000000080000000, 0x0000000100000000)
  region size 1024K, 5 young (5120K), 5 survivors (5120K)
 Metaspace       used 106474K, committed 107776K, reserved 520192K
  class space    used 14756K, committed 15360K, reserved 421888K
}

