# JRE version: OpenJDK Runtime Environment Temurin-17.0.5+8 (17.0.5+8) (build 17.0.5+8)
# Java VM: OpenJDK 64-Bit Server VM Temurin-17.0.5+8 (17.0.5+8, mixed mode, sharing, tiered, compressed oops, compressed class ptrs, g1 gc, windows-amd64)
GC Precious Log:
 CPUs: 12 total, 12 available
 Memory: 15431M
 Large Page Support: Disabled
 NUMA Support: Disabled
 Compressed Oops: Enabled (32-bit)
 Heap Region Size: 1M
 Heap Min Capacity: 8M
 Heap Initial Capacity: 242M
 Heap Max Capacity: 2G
 Pre-touch: Disabled
 Parallel Workers: 10
 Concurrent Workers: 3
 Concurrent Refinement Workers: 10
 Periodic GC: Disabled
Heap:
 garbage-first heap   total 142336K, used 82396K [0x0000000080000000, 0x0000000100000000)
  region size 1024K, 1 young (1024K), 1 survivors (1024K)
 Metaspace       used 66003K, committed 66624K, reserved 479232K
  class space    used 9367K, committed 9664K, reserved 421888K
GC Heap History (20 events):
Event: 28.902 GC heap after
{Heap after GC invocations=21 (full 0):
 garbage-first heap   total 101376K, used 58161K [0x0000000080000000, 0x0000000100000000)
  region size 1024K, 4 young (4096K), 4 survivors (4096K)
 Metaspace       used 55147K, committed 55808K, reserved 471040K
  class space    used 7809K, committed 8128K, reserved 421888K
}
Event: 29.110 GC heap before
{Heap before GC invocations=22 (full 0):
 garbage-first heap   total 106496K, used 79665K [0x0000000080000000, 0x0000000100000000)
  region size 1024K, 26 young (26624K), 4 survivors (4096K)
 Metaspace       used 57855K, committed 58560K, reserved 479232K
  class space    used 8163K, committed 8512K, reserved 421888K
}
Event: 29.112 GC heap after
{Heap after GC invocations=23 (full 0):
 garbage-first heap   total 106496K, used 58777K [0x0000000080000000, 0x0000000100000000)
  region size 1024K, 3 young (3072K), 3 survivors (3072K)
 Metaspace       used 57855K, committed 58560K, reserved 479232K
  class space    used 8163K, committed 8512K, reserved 421888K
}
Event: 30.120 GC heap before
{Heap before GC invocations=23 (full 0):
 garbage-first heap   total 106496K, used 84377K [0x0000000080000000, 0x0000000100000000)
  region size 1024K, 29 young (29696K), 3 survivors (3072K)
 Metaspace       used 59237K, committed 59904K, reserved 479232K
  class space    used 8345K, committed 8640K, reserved 421888K
}
Event: 30.123 GC heap after
{Heap after GC invocations=24 (full 0):
 garbage-first heap   total 106496K, used 60744K [0x0000000080000000, 0x0000000100000000)
  region size 1024K, 4 young (4096K), 4 survivors (4096K)
 Metaspace       used 59237K, committed 59904K, reserved 479232K
  class space    used 8345K, committed 8640K, reserved 421888K
}
Event: 30.395 GC heap before
{Heap before GC invocations=25 (full 0):
 garbage-first heap   total 107520K, used 85320K [0x0000000080000000, 0x0000000100000000)
  region size 1024K, 29 young (29696K), 4 survivors (4096K)
 Metaspace       used 60779K, committed 61440K, reserved 479232K
  class space    used 8576K, committed 8896K, reserved 421888K
}
Event: 30.397 GC heap after
{Heap after GC invocations=26 (full 0):
 garbage-first heap   total 107520K, used 62483K [0x0000000080000000, 0x0000000100000000)
  region size 1024K, 4 young (4096K), 4 survivors (4096K)
 Metaspace       used 60779K, committed 61440K, reserved 479232K
  class space    used 8576K, committed 8896K, reserved 421888K
}
Event: 30.407 GC heap before
{Heap before GC invocations=26 (full 0):
 garbage-first heap   total 107520K, used 63507K [0x0000000080000000, 0x0000000100000000)
  region size 1024K, 5 young (5120K), 4 survivors (4096K)
 Metaspace       used 60844K, committed 61504K, reserved 479232K
  class space    used 8587K, committed 8896K, reserved 421888K
}
Event: 30.409 GC heap after
{Heap after GC invocations=27 (full 0):
 garbage-first heap   total 129024K, used 62819K [0x0000000080000000, 0x0000000100000000)
  region size 1024K, 1 young (1024K), 1 survivors (1024K)
 Metaspace       used 60844K, committed 61504K, reserved 479232K
  class space    used 8587K, committed 8896K, reserved 421888K
}
Event: 31.014 GC heap before
{Heap before GC invocations=27 (full 0):
 garbage-first heap   total 129024K, used 102755K [0x0000000080000000, 0x0000000100000000)
  region size 1024K, 40 young (40960K), 1 survivors (1024K)
 Metaspace       used 63443K, committed 64064K, reserved 479232K
  class space    used 8987K, committed 9280K, reserved 421888K
}
Event: 31.019 GC heap after
{Heap after GC invocations=28 (full 0):
 garbage-first heap   total 129024K, used 66245K [0x0000000080000000, 0x0000000100000000)
  region size 1024K, 4 young (4096K), 4 survivors (4096K)
 Metaspace       used 63443K, committed 64064K, reserved 479232K
  class space    used 8987K, committed 9280K, reserved 421888K
}
Event: 32.011 GC heap before
{Heap before GC invocations=29 (full 0):
 garbage-first heap   total 129024K, used 106181K [0x0000000080000000, 0x0000000100000000)
  region size 1024K, 41 young (41984K), 4 survivors (4096K)
 Metaspace       used 64947K, committed 65600K, reserved 479232K
  class space    used 9231K, committed 9536K, reserved 421888K
}
Event: 32.015 GC heap after
{Heap after GC invocations=30 (full 0):
 garbage-first heap   total 129024K, used 76698K [0x0000000080000000, 0x0000000100000000)
  region size 1024K, 6 young (6144K), 6 survivors (6144K)
 Metaspace       used 64947K, committed 65600K, reserved 479232K
  class space    used 9231K, committed 9536K, reserved 421888K
}
Event: 32.019 GC heap before
{Heap before GC invocations=30 (full 0):
 garbage-first heap   total 129024K, used 77722K [0x0000000080000000, 0x0000000100000000)
  region size 1024K, 7 young (7168K), 6 survivors (6144K)
 Metaspace       used 64947K, committed 65600K, reserved 479232K
  class space    used 9231K, committed 9536K, reserved 421888K
}
Event: 32.021 GC heap after
{Heap after GC invocations=31 (full 0):
 garbage-first heap   total 129024K, used 77325K [0x0000000080000000, 0x0000000100000000)
  region size 1024K, 1 young (1024K), 1 survivors (1024K)
 Metaspace       used 64947K, committed 65600K, reserved 479232K
  class space    used 9231K, committed 9536K, reserved 421888K
}
Event: 32.029 GC heap before
{Heap before GC invocations=31 (full 0):
 garbage-first heap   total 129024K, used 78349K [0x0000000080000000, 0x0000000100000000)
  region size 1024K, 3 young (3072K), 1 survivors (1024K)
 Metaspace       used 64947K, committed 65600K, reserved 479232K
  class space    used 9231K, committed 9536K, reserved 421888K
}
Event: 32.030 GC heap after
{Heap after GC invocations=32 (full 0):
 garbage-first heap   total 129024K, used 79263K [0x0000000080000000, 0x0000000100000000)
  region size 1024K, 3 young (3072K), 3 survivors (3072K)
 Metaspace       used 64947K, committed 65600K, reserved 479232K
  class space    used 9231K, committed 9536K, reserved 421888K
}
Event: 32.140 GC heap before
{Heap before GC invocations=33 (full 0):
 garbage-first heap   total 142336K, used 95647K [0x0000000080000000, 0x0000000100000000)
  region size 1024K, 18 young (18432K), 3 survivors (3072K)
 Metaspace       used 65822K, committed 66496K, reserved 479232K
  class space    used 9337K, committed 9664K, reserved 421888K
}
Event: 32.142 GC heap after
{Heap after GC invocations=34 (full 0):
 garbage-first heap   total 142336K, used 82494K [0x0000000080000000, 0x0000000100000000)
  region size 1024K, 3 young (3072K), 3 survivors (3072K)
 Metaspace       used 65822K, committed 66496K, reserved 479232K
  class space    used 9337K, committed 9664K, reserved 421888K
}
Event: 32.169 GC heap before
{Heap before GC invocations=34 (full 0):
 garbage-first heap   total 142336K, used 84542K [0x0000000080000000, 0x0000000100000000)
  region size 1024K, 6 young (6144K), 3 survivors (3072K)
 Metaspace       used 66003K, committed 66624K, reserved 479232K
  class space    used 9367K, committed 9664K, reserved 421888K
}

