# JRE version: OpenJDK Runtime Environment Temurin-17.0.5+8 (17.0.5+8) (build 17.0.5+8)
# Java VM: OpenJDK 64-Bit Server VM Temurin-17.0.5+8 (17.0.5+8, mixed mode, sharing, tiered, compressed oops, compressed class ptrs, g1 gc, windows-amd64)
GC Precious Log:
 CPUs: 12 total, 12 available
 Memory: 15431M
 Large Page Support: Disabled
 NUMA Support: Disabled
 Compressed Oops: Enabled (32-bit)
 Heap Region Size: 1M
 Heap Min Capacity: 8M
 Heap Initial Capacity: 242M
 Heap Max Capacity: 2G
 Pre-touch: Disabled
 Parallel Workers: 10
 Concurrent Workers: 3
 Concurrent Refinement Workers: 10
 Periodic GC: Disabled
Heap:
 garbage-first heap   total 275456K, used 226095K [0x0000000080000000, 0x0000000100000000)
  region size 1024K, 10 young (10240K), 3 survivors (3072K)
 Metaspace       used 106821K, committed 108224K, reserved 520192K
  class space    used 14793K, committed 15424K, reserved 421888K
GC Heap History (20 events):
Event: 79.544 GC heap before
{Heap before GC invocations=78 (full 0):
 garbage-first heap   total 275456K, used 240557K [0x0000000080000000, 0x0000000100000000)
  region size 1024K, 28 young (28672K), 3 survivors (3072K)
 Metaspace       used 106280K, committed 107520K, reserved 520192K
  class space    used 14721K, committed 15296K, reserved 421888K
}
Event: 79.549 GC heap after
{Heap after GC invocations=79 (full 0):
 garbage-first heap   total 275456K, used 213185K [0x0000000080000000, 0x0000000100000000)
  region size 1024K, 3 young (3072K), 3 survivors (3072K)
 Metaspace       used 106280K, committed 107520K, reserved 520192K
  class space    used 14721K, committed 15296K, reserved 421888K
}
Event: 81.962 GC heap before
{Heap before GC invocations=79 (full 0):
 garbage-first heap   total 275456K, used 240833K [0x0000000080000000, 0x0000000100000000)
  region size 1024K, 27 young (27648K), 3 survivors (3072K)
 Metaspace       used 106403K, committed 107712K, reserved 520192K
  class space    used 14741K, committed 15360K, reserved 421888K
}
Event: 81.966 GC heap after
{Heap after GC invocations=80 (full 0):
 garbage-first heap   total 275456K, used 217508K [0x0000000080000000, 0x0000000100000000)
  region size 1024K, 3 young (3072K), 3 survivors (3072K)
 Metaspace       used 106403K, committed 107712K, reserved 520192K
  class space    used 14741K, committed 15360K, reserved 421888K
}
Event: 82.122 GC heap before
{Heap before GC invocations=80 (full 0):
 garbage-first heap   total 275456K, used 236964K [0x0000000080000000, 0x0000000100000000)
  region size 1024K, 23 young (23552K), 3 survivors (3072K)
 Metaspace       used 106403K, committed 107712K, reserved 520192K
  class space    used 14741K, committed 15360K, reserved 421888K
}
Event: 82.126 GC heap after
{Heap after GC invocations=81 (full 0):
 garbage-first heap   total 275456K, used 216504K [0x0000000080000000, 0x0000000100000000)
  region size 1024K, 3 young (3072K), 3 survivors (3072K)
 Metaspace       used 106403K, committed 107712K, reserved 520192K
  class space    used 14741K, committed 15360K, reserved 421888K
}
Event: 84.178 GC heap before
{Heap before GC invocations=81 (full 0):
 garbage-first heap   total 275456K, used 241080K [0x0000000080000000, 0x0000000100000000)
  region size 1024K, 24 young (24576K), 3 survivors (3072K)
 Metaspace       used 106412K, committed 107712K, reserved 520192K
  class space    used 14741K, committed 15360K, reserved 421888K
}
Event: 84.181 GC heap after
{Heap after GC invocations=82 (full 0):
 garbage-first heap   total 275456K, used 216924K [0x0000000080000000, 0x0000000100000000)
  region size 1024K, 3 young (3072K), 3 survivors (3072K)
 Metaspace       used 106412K, committed 107712K, reserved 520192K
  class space    used 14741K, committed 15360K, reserved 421888K
}
Event: 84.743 GC heap before
{Heap before GC invocations=82 (full 0):
 garbage-first heap   total 275456K, used 237404K [0x0000000080000000, 0x0000000100000000)
  region size 1024K, 24 young (24576K), 3 survivors (3072K)
 Metaspace       used 106449K, committed 107776K, reserved 520192K
  class space    used 14746K, committed 15360K, reserved 421888K
}
Event: 84.746 GC heap after
{Heap after GC invocations=83 (full 0):
 garbage-first heap   total 275456K, used 217559K [0x0000000080000000, 0x0000000100000000)
  region size 1024K, 3 young (3072K), 3 survivors (3072K)
 Metaspace       used 106449K, committed 107776K, reserved 520192K
  class space    used 14746K, committed 15360K, reserved 421888K
}
Event: 87.836 GC heap before
{Heap before GC invocations=83 (full 0):
 garbage-first heap   total 275456K, used 238039K [0x0000000080000000, 0x0000000100000000)
  region size 1024K, 24 young (24576K), 3 survivors (3072K)
 Metaspace       used 106494K, committed 107776K, reserved 520192K
  class space    used 14749K, committed 15360K, reserved 421888K
}
Event: 87.841 GC heap after
{Heap after GC invocations=84 (full 0):
 garbage-first heap   total 275456K, used 218380K [0x0000000080000000, 0x0000000100000000)
  region size 1024K, 3 young (3072K), 3 survivors (3072K)
 Metaspace       used 106494K, committed 107776K, reserved 520192K
  class space    used 14749K, committed 15360K, reserved 421888K
}
Event: 89.573 GC heap before
{Heap before GC invocations=84 (full 0):
 garbage-first heap   total 275456K, used 236812K [0x0000000080000000, 0x0000000100000000)
  region size 1024K, 22 young (22528K), 3 survivors (3072K)
 Metaspace       used 106609K, committed 107904K, reserved 520192K
  class space    used 14767K, committed 15360K, reserved 421888K
}
Event: 89.578 GC heap after
{Heap after GC invocations=85 (full 0):
 garbage-first heap   total 275456K, used 217804K [0x0000000080000000, 0x0000000100000000)
  region size 1024K, 2 young (2048K), 2 survivors (2048K)
 Metaspace       used 106609K, committed 107904K, reserved 520192K
  class space    used 14767K, committed 15360K, reserved 421888K
}
Event: 90.804 GC heap before
{Heap before GC invocations=85 (full 0):
 garbage-first heap   total 275456K, used 238284K [0x0000000080000000, 0x0000000100000000)
  region size 1024K, 23 young (23552K), 2 survivors (2048K)
 Metaspace       used 106665K, committed 107968K, reserved 520192K
  class space    used 14771K, committed 15360K, reserved 421888K
}
Event: 90.808 GC heap after
{Heap after GC invocations=86 (full 0):
 garbage-first heap   total 275456K, used 218190K [0x0000000080000000, 0x0000000100000000)
  region size 1024K, 2 young (2048K), 2 survivors (2048K)
 Metaspace       used 106665K, committed 107968K, reserved 520192K
  class space    used 14771K, committed 15360K, reserved 421888K
}
Event: 91.718 GC heap before
{Heap before GC invocations=86 (full 0):
 garbage-first heap   total 275456K, used 242766K [0x0000000080000000, 0x0000000100000000)
  region size 1024K, 23 young (23552K), 2 survivors (2048K)
 Metaspace       used 106753K, committed 108160K, reserved 520192K
  class space    used 14776K, committed 15424K, reserved 421888K
}
Event: 91.724 GC heap after
{Heap after GC invocations=87 (full 0):
 garbage-first heap   total 275456K, used 219533K [0x0000000080000000, 0x0000000100000000)
  region size 1024K, 3 young (3072K), 3 survivors (3072K)
 Metaspace       used 106753K, committed 108160K, reserved 520192K
  class space    used 14776K, committed 15424K, reserved 421888K
}
Event: 94.810 GC heap before
{Heap before GC invocations=87 (full 0):
 garbage-first heap   total 275456K, used 238989K [0x0000000080000000, 0x0000000100000000)
  region size 1024K, 23 young (23552K), 3 survivors (3072K)
 Metaspace       used 106783K, committed 108224K, reserved 520192K
  class space    used 14781K, committed 15424K, reserved 421888K
}
Event: 94.818 GC heap after
{Heap after GC invocations=88 (full 0):
 garbage-first heap   total 275456K, used 219951K [0x0000000080000000, 0x0000000100000000)
  region size 1024K, 3 young (3072K), 3 survivors (3072K)
 Metaspace       used 106783K, committed 108224K, reserved 520192K
  class space    used 14781K, committed 15424K, reserved 421888K
}

